---------------------------------------
------------TOP TRUMPS LOG-------------
---------------------------------------

------------DECK LOG-------------------
Complete deck: {0=350r, 1=Avenger, 2=Carrack, 3=Constellation, 4=Hawk, 5=Hornet, 6=Hurricane, 7=Idris, 8=m50, 9=Merchantman, 10=Orion, 11=Sabre, 12=Vanguard, 13=350r, 14=Avenger, 15=Carrack, 16=Constellation, 17=Hawk, 18=Hornet, 19=Hurricane, 20=Idris, 21=m50, 22=Merchantman, 23=Orion, 24=Sabre, 25=Vanguard, 26=350r, 27=Avenger, 28=Carrack, 29=Constellation, 30=Hawk, 31=Hornet, 32=Hurricane, 33=Idris, 34=m50, 35=Merchantman, 36=Orion, 37=Sabre, 38=Vanguard, 39=Avenger}
---------------------------------------
Shuffled deck: [6, 29, 10, 4, 11, 12, 3, 18, 8, 37, 14, 1, 13, 0, 38, 27, 39, 32, 25, 31, 17, 33, 28, 36, 9, 34, 22, 16, 30, 15, 5, 2, 19, 35, 7, 26, 23, 20, 24, 21]
---------------------------------------
-----PLAYERS DECK LOG------------------
Player: [6, 12, 14, 27, 17, 34, 5, 26]
---------------------------------------
AIPlayer1: [29, 3, 1, 39, 33, 22, 2, 23]
---------------------------------------
AIPlayer2: [10, 18, 13, 32, 28, 16, 19, 20]
---------------------------------------
AIPlayer3: [4, 8, 0, 25, 36, 30, 35, 24]
---------------------------------------
AIPlayer4: [11, 37, 38, 31, 9, 15, 7, 21]
---------------------------------------
---------ACTIVE CARD LOG---------------
Player: Hurricane, size: 2, speed: 5, range: 3, firepower: 5, cargo: 0
---------------------------------------
AIPlayer1: Constellation, size: 4, speed: 5, range: 7, firepower: 3, cargo: 4
---------------------------------------
AIPlayer2: Orion, size: 10, speed: 1, range: 6, firepower: 2, cargo: 9
---------------------------------------
AIPlayer3: Hawk, size: 1, speed: 3, range: 2, firepower: 4, cargo: 0
---------------------------------------
AIPlayer4: Sabre, size: 2, speed: 7, range: 2, firepower: 5, cargo: 0
---------------------------------------
-------------COMMON DECK---------------
Common deck: [6, 29, 10, 4, 11]
---------------------------------------
-----PLAYERS DECK LOG------------------
Player: [12, 14, 27, 17, 34, 5, 26]
---------------------------------------
AIPlayer1: [3, 1, 39, 33, 22, 2, 23, 6, 29, 10, 4, 11]
---------------------------------------
AIPlayer2: [18, 13, 32, 28, 16, 19, 20]
---------------------------------------
AIPlayer3: [8, 0, 25, 36, 30, 35, 24]
---------------------------------------
AIPlayer4: [37, 38, 31, 9, 15, 7, 21]
---------------------------------------
---------ACTIVE CARD LOG---------------
Player: Vanguard, size: 3, speed: 4, range: 5, firepower: 5, cargo: 2
---------------------------------------
AIPlayer1: Constellation, size: 4, speed: 5, range: 7, firepower: 3, cargo: 4
---------------------------------------
AIPlayer2: Hornet, size: 2, speed: 5, range: 3, firepower: 4, cargo: 1
---------------------------------------
AIPlayer3: m50, size: 1, speed: 10, range: 2, firepower: 2, cargo: 0
---------------------------------------
AIPlayer4: Sabre, size: 2, speed: 7, range: 2, firepower: 5, cargo: 0
---------------------------------------
-------------COMMON DECK---------------
Common deck: [12, 3, 18, 8, 37]
---------------------------------------
-----PLAYERS DECK LOG------------------
Player: [14, 27, 17, 34, 5, 26]
---------------------------------------
AIPlayer1: [1, 39, 33, 22, 2, 23, 6, 29, 10, 4, 11]
---------------------------------------
AIPlayer2: [13, 32, 28, 16, 19, 20]
---------------------------------------
AIPlayer3: [0, 25, 36, 30, 35, 24]
---------------------------------------
AIPlayer4: [38, 31, 9, 15, 7, 21]
---------------------------------------
---------ACTIVE CARD LOG---------------
Player: Avenger, size: 2, speed: 5, range: 4, firepower: 3, cargo: 2
---------------------------------------
AIPlayer1: Avenger, size: 2, speed: 5, range: 4, firepower: 3, cargo: 2
---------------------------------------
AIPlayer2: 350r, size: 1, speed: 9, range: 2, firepower: 3, cargo: 0
---------------------------------------
AIPlayer3: 350r, size: 1, speed: 9, range: 2, firepower: 3, cargo: 0
---------------------------------------
AIPlayer4: Vanguard, size: 3, speed: 4, range: 5, firepower: 5, cargo: 2
---------------------------------------
-------------COMMON DECK---------------
Common deck: [14, 1, 13, 0, 38, 12, 3, 18, 8, 37]
---------------------------------------
-----PLAYERS DECK LOG------------------
Player: [27, 17, 34, 5, 26]
---------------------------------------
AIPlayer1: [39, 33, 22, 2, 23, 6, 29, 10, 4, 11]
---------------------------------------
AIPlayer2: [32, 28, 16, 19, 20]
---------------------------------------
AIPlayer3: [25, 36, 30, 35, 24]
---------------------------------------
AIPlayer4: [31, 9, 15, 7, 21, 14, 1, 13, 0, 38, 12, 3, 18, 8, 37]
---------------------------------------
---------ACTIVE CARD LOG---------------
Player: Avenger, size: 2, speed: 5, range: 4, firepower: 3, cargo: 2
---------------------------------------
AIPlayer1: Avenger, size: 2, speed: 5, range: 4, firepower: 3, cargo: 2
---------------------------------------
AIPlayer2: Hurricane, size: 2, speed: 5, range: 3, firepower: 5, cargo: 0
---------------------------------------
AIPlayer3: Vanguard, size: 3, speed: 4, range: 5, firepower: 5, cargo: 2
---------------------------------------
AIPlayer4: Hornet, size: 2, speed: 5, range: 3, firepower: 4, cargo: 1
---------------------------------------
-------------COMMON DECK---------------
Common deck: [27, 39, 32, 25, 31]
---------------------------------------
-----PLAYERS DECK LOG------------------
Player: [17, 34, 5, 26]
---------------------------------------
AIPlayer1: [33, 22, 2, 23, 6, 29, 10, 4, 11]
---------------------------------------
AIPlayer2: [28, 16, 19, 20]
---------------------------------------
AIPlayer3: [36, 30, 35, 24]
---------------------------------------
AIPlayer4: [9, 15, 7, 21, 14, 1, 13, 0, 38, 12, 3, 18, 8, 37]
---------------------------------------
---------ACTIVE CARD LOG---------------
Player: Hawk, size: 1, speed: 3, range: 2, firepower: 4, cargo: 0
---------------------------------------
AIPlayer1: Idris, size: 8, speed: 2, range: 7, firepower: 10, cargo: 6
---------------------------------------
AIPlayer2: Carrack, size: 6, speed: 2, range: 10, firepower: 4, cargo: 6
---------------------------------------
AIPlayer3: Orion, size: 10, speed: 1, range: 6, firepower: 2, cargo: 9
---------------------------------------
AIPlayer4: Merchantman, size: 7, speed: 3, range: 5, firepower: 6, cargo: 8
---------------------------------------
-------------COMMON DECK---------------
Common deck: [17, 33, 28, 36, 9, 27, 39, 32, 25, 31]
---------------------------------------
-----PLAYERS DECK LOG------------------
Player: [34, 5, 26]
---------------------------------------
AIPlayer1: [22, 2, 23, 6, 29, 10, 4, 11]
---------------------------------------
AIPlayer2: [16, 19, 20]
---------------------------------------
AIPlayer3: [30, 35, 24, 17, 33, 28, 36, 9, 27, 39, 32, 25, 31]
---------------------------------------
AIPlayer4: [15, 7, 21, 14, 1, 13, 0, 38, 12, 3, 18, 8, 37]
---------------------------------------
---------ACTIVE CARD LOG---------------
Player: m50, size: 1, speed: 10, range: 2, firepower: 2, cargo: 0
---------------------------------------
AIPlayer1: Merchantman, size: 7, speed: 3, range: 5, firepower: 6, cargo: 8
---------------------------------------
AIPlayer2: Constellation, size: 4, speed: 5, range: 7, firepower: 3, cargo: 4
---------------------------------------
AIPlayer3: Hawk, size: 1, speed: 3, range: 2, firepower: 4, cargo: 0
---------------------------------------
AIPlayer4: Carrack, size: 6, speed: 2, range: 10, firepower: 4, cargo: 6
---------------------------------------
-------------COMMON DECK---------------
Common deck: [34, 22, 16, 30, 15]
---------------------------------------
-----PLAYERS DECK LOG------------------
Player: [5, 26]
---------------------------------------
AIPlayer1: [2, 23, 6, 29, 10, 4, 11, 34, 22, 16, 30, 15]
---------------------------------------
AIPlayer2: [19, 20]
---------------------------------------
AIPlayer3: [35, 24, 17, 33, 28, 36, 9, 27, 39, 32, 25, 31]
---------------------------------------
AIPlayer4: [7, 21, 14, 1, 13, 0, 38, 12, 3, 18, 8, 37]
---------------------------------------
---------ACTIVE CARD LOG---------------
Player: Hornet, size: 2, speed: 5, range: 3, firepower: 4, cargo: 1
---------------------------------------
AIPlayer1: Carrack, size: 6, speed: 2, range: 10, firepower: 4, cargo: 6
---------------------------------------
AIPlayer2: Hurricane, size: 2, speed: 5, range: 3, firepower: 5, cargo: 0
---------------------------------------
AIPlayer3: Merchantman, size: 7, speed: 3, range: 5, firepower: 6, cargo: 8
---------------------------------------
AIPlayer4: Idris, size: 8, speed: 2, range: 7, firepower: 10, cargo: 6
---------------------------------------
-------------COMMON DECK---------------
Common deck: [5, 2, 19, 35, 7]
---------------------------------------
-----PLAYERS DECK LOG------------------
Player: [26]
---------------------------------------
AIPlayer1: [23, 6, 29, 10, 4, 11, 34, 22, 16, 30, 15]
---------------------------------------
AIPlayer2: [20]
---------------------------------------
AIPlayer3: [24, 17, 33, 28, 36, 9, 27, 39, 32, 25, 31]
---------------------------------------
AIPlayer4: [21, 14, 1, 13, 0, 38, 12, 3, 18, 8, 37]
---------------------------------------
---------ACTIVE CARD LOG---------------
Player: 350r, size: 1, speed: 9, range: 2, firepower: 3, cargo: 0
---------------------------------------
AIPlayer1: Orion, size: 10, speed: 1, range: 6, firepower: 2, cargo: 9
---------------------------------------
AIPlayer2: Idris, size: 8, speed: 2, range: 7, firepower: 10, cargo: 6
---------------------------------------
AIPlayer3: Sabre, size: 2, speed: 7, range: 2, firepower: 5, cargo: 0
---------------------------------------
AIPlayer4: m50, size: 1, speed: 10, range: 2, firepower: 2, cargo: 0
---------------------------------------
-------------COMMON DECK---------------
Common deck: [26, 23, 20, 24, 21, 5, 2, 19, 35, 7]
---------------------------------------
-----PLAYERS DECK LOG------------------
Player: []
---------------------------------------
AIPlayer1: [6, 29, 10, 4, 11, 34, 22, 16, 30, 15]
---------------------------------------
AIPlayer2: []
---------------------------------------
AIPlayer3: [17, 33, 28, 36, 9, 27, 39, 32, 25, 31]
---------------------------------------
AIPlayer4: [14, 1, 13, 0, 38, 12, 3, 18, 8, 37, 26, 23, 20, 24, 21, 5, 2, 19, 35, 7]
---------------------------------------
---------ACTIVE CARD LOG---------------
AIPlayer1: Hurricane, size: 2, speed: 5, range: 3, firepower: 5, cargo: 0
---------------------------------------
AIPlayer3: Hawk, size: 1, speed: 3, range: 2, firepower: 4, cargo: 0
---------------------------------------
AIPlayer4: Avenger, size: 2, speed: 5, range: 4, firepower: 3, cargo: 2
---------------------------------------
-------------COMMON DECK---------------
Common deck: [6, 17, 14]
---------------------------------------
-----PLAYERS DECK LOG------------------
Player: []
---------------------------------------
AIPlayer1: [29, 10, 4, 11, 34, 22, 16, 30, 15]
---------------------------------------
AIPlayer2: [6, 17, 14]
---------------------------------------
AIPlayer3: [33, 28, 36, 9, 27, 39, 32, 25, 31]
---------------------------------------
AIPlayer4: [1, 13, 0, 38, 12, 3, 18, 8, 37, 26, 23, 20, 24, 21, 5, 2, 19, 35, 7]
---------------------------------------
---------ACTIVE CARD LOG---------------
AIPlayer1: Constellation, size: 4, speed: 5, range: 7, firepower: 3, cargo: 4
---------------------------------------
AIPlayer2: Hurricane, size: 2, speed: 5, range: 3, firepower: 5, cargo: 0
---------------------------------------
AIPlayer3: Idris, size: 8, speed: 2, range: 7, firepower: 10, cargo: 6
---------------------------------------
AIPlayer4: Avenger, size: 2, speed: 5, range: 4, firepower: 3, cargo: 2
---------------------------------------
-------------COMMON DECK---------------
Common deck: [29, 6, 33, 1]
---------------------------------------
-----PLAYERS DECK LOG------------------
Player: []
---------------------------------------
AIPlayer1: [10, 4, 11, 34, 22, 16, 30, 15]
---------------------------------------
AIPlayer2: [17, 14, 29, 6, 33, 1]
---------------------------------------
AIPlayer3: [28, 36, 9, 27, 39, 32, 25, 31]
---------------------------------------
AIPlayer4: [13, 0, 38, 12, 3, 18, 8, 37, 26, 23, 20, 24, 21, 5, 2, 19, 35, 7]
---------------------------------------
---------ACTIVE CARD LOG---------------
AIPlayer1: Orion, size: 10, speed: 1, range: 6, firepower: 2, cargo: 9
---------------------------------------
AIPlayer2: Hawk, size: 1, speed: 3, range: 2, firepower: 4, cargo: 0
---------------------------------------
AIPlayer3: Carrack, size: 6, speed: 2, range: 10, firepower: 4, cargo: 6
---------------------------------------
AIPlayer4: 350r, size: 1, speed: 9, range: 2, firepower: 3, cargo: 0
---------------------------------------
-------------COMMON DECK---------------
Common deck: [10, 17, 28, 13]
---------------------------------------
-----PLAYERS DECK LOG------------------
Player: []
---------------------------------------
AIPlayer1: [4, 11, 34, 22, 16, 30, 15]
---------------------------------------
AIPlayer2: [14, 29, 6, 33, 1, 10, 17, 28, 13]
---------------------------------------
AIPlayer3: [36, 9, 27, 39, 32, 25, 31]
---------------------------------------
AIPlayer4: [0, 38, 12, 3, 18, 8, 37, 26, 23, 20, 24, 21, 5, 2, 19, 35, 7]
---------------------------------------
---------ACTIVE CARD LOG---------------
AIPlayer1: Hawk, size: 1, speed: 3, range: 2, firepower: 4, cargo: 0
---------------------------------------
AIPlayer2: Avenger, size: 2, speed: 5, range: 4, firepower: 3, cargo: 2
---------------------------------------
AIPlayer3: Orion, size: 10, speed: 1, range: 6, firepower: 2, cargo: 9
---------------------------------------
AIPlayer4: 350r, size: 1, speed: 9, range: 2, firepower: 3, cargo: 0
---------------------------------------
-------------COMMON DECK---------------
Common deck: [4, 14, 36, 0]
---------------------------------------
-----PLAYERS DECK LOG------------------
Player: []
---------------------------------------
AIPlayer1: [11, 34, 22, 16, 30, 15]
---------------------------------------
AIPlayer2: [29, 6, 33, 1, 10, 17, 28, 13, 4, 14, 36, 0]
---------------------------------------
AIPlayer3: [9, 27, 39, 32, 25, 31]
---------------------------------------
AIPlayer4: [38, 12, 3, 18, 8, 37, 26, 23, 20, 24, 21, 5, 2, 19, 35, 7]
---------------------------------------
---------ACTIVE CARD LOG---------------
AIPlayer1: Sabre, size: 2, speed: 7, range: 2, firepower: 5, cargo: 0
---------------------------------------
AIPlayer2: Constellation, size: 4, speed: 5, range: 7, firepower: 3, cargo: 4
---------------------------------------
AIPlayer3: Merchantman, size: 7, speed: 3, range: 5, firepower: 6, cargo: 8
---------------------------------------
AIPlayer4: Vanguard, size: 3, speed: 4, range: 5, firepower: 5, cargo: 2
---------------------------------------
-------------COMMON DECK---------------
Common deck: [11, 29, 9, 38]
---------------------------------------
-----PLAYERS DECK LOG------------------
Player: []
---------------------------------------
AIPlayer1: [34, 22, 16, 30, 15]
---------------------------------------
AIPlayer2: [6, 33, 1, 10, 17, 28, 13, 4, 14, 36, 0, 11, 29, 9, 38]
---------------------------------------
AIPlayer3: [27, 39, 32, 25, 31]
---------------------------------------
AIPlayer4: [12, 3, 18, 8, 37, 26, 23, 20, 24, 21, 5, 2, 19, 35, 7]
---------------------------------------
---------ACTIVE CARD LOG---------------
AIPlayer1: m50, size: 1, speed: 10, range: 2, firepower: 2, cargo: 0
---------------------------------------
AIPlayer2: Hurricane, size: 2, speed: 5, range: 3, firepower: 5, cargo: 0
---------------------------------------
AIPlayer3: Avenger, size: 2, speed: 5, range: 4, firepower: 3, cargo: 2
---------------------------------------
AIPlayer4: Vanguard, size: 3, speed: 4, range: 5, firepower: 5, cargo: 2
---------------------------------------
-------------COMMON DECK---------------
Common deck: [34, 6, 27, 12]
---------------------------------------
-----PLAYERS DECK LOG------------------
Player: []
---------------------------------------
AIPlayer1: [22, 16, 30, 15]
---------------------------------------
AIPlayer2: [33, 1, 10, 17, 28, 13, 4, 14, 36, 0, 11, 29, 9, 38]
---------------------------------------
AIPlayer3: [39, 32, 25, 31]
---------------------------------------
AIPlayer4: [3, 18, 8, 37, 26, 23, 20, 24, 21, 5, 2, 19, 35, 7]
---------------------------------------
---------ACTIVE CARD LOG---------------
AIPlayer1: Merchantman, size: 7, speed: 3, range: 5, firepower: 6, cargo: 8
---------------------------------------
AIPlayer2: Idris, size: 8, speed: 2, range: 7, firepower: 10, cargo: 6
---------------------------------------
AIPlayer3: Avenger, size: 2, speed: 5, range: 4, firepower: 3, cargo: 2
---------------------------------------
AIPlayer4: Constellation, size: 4, speed: 5, range: 7, firepower: 3, cargo: 4
---------------------------------------
-------------COMMON DECK---------------
Common deck: [22, 33, 39, 3, 34, 6, 27, 12]
---------------------------------------
-----PLAYERS DECK LOG------------------
Player: [22, 33, 39, 3, 34, 6, 27, 12]
---------------------------------------
AIPlayer1: [16, 30, 15]
---------------------------------------
AIPlayer2: [1, 10, 17, 28, 13, 4, 14, 36, 0, 11, 29, 9, 38]
---------------------------------------
AIPlayer3: [32, 25, 31]
---------------------------------------
AIPlayer4: [18, 8, 37, 26, 23, 20, 24, 21, 5, 2, 19, 35, 7]
---------------------------------------
---------ACTIVE CARD LOG---------------
Player: Merchantman, size: 7, speed: 3, range: 5, firepower: 6, cargo: 8
---------------------------------------
AIPlayer1: Constellation, size: 4, speed: 5, range: 7, firepower: 3, cargo: 4
---------------------------------------
AIPlayer2: Avenger, size: 2, speed: 5, range: 4, firepower: 3, cargo: 2
---------------------------------------
AIPlayer3: Hurricane, size: 2, speed: 5, range: 3, firepower: 5, cargo: 0
---------------------------------------
AIPlayer4: Hornet, size: 2, speed: 5, range: 3, firepower: 4, cargo: 1
---------------------------------------
-------------COMMON DECK---------------
Common deck: [22, 16, 1, 32, 18]
---------------------------------------
-----PLAYERS DECK LOG------------------
Player: [33, 39, 3, 34, 6, 27, 12, 22, 16, 1, 32, 18]
---------------------------------------
AIPlayer1: [30, 15]
---------------------------------------
AIPlayer2: [10, 17, 28, 13, 4, 14, 36, 0, 11, 29, 9, 38]
---------------------------------------
AIPlayer3: [25, 31]
---------------------------------------
AIPlayer4: [8, 37, 26, 23, 20, 24, 21, 5, 2, 19, 35, 7]
---------------------------------------
---------ACTIVE CARD LOG---------------
Player: Idris, size: 8, speed: 2, range: 7, firepower: 10, cargo: 6
---------------------------------------
AIPlayer1: Hawk, size: 1, speed: 3, range: 2, firepower: 4, cargo: 0
---------------------------------------
AIPlayer2: Orion, size: 10, speed: 1, range: 6, firepower: 2, cargo: 9
---------------------------------------
AIPlayer3: Vanguard, size: 3, speed: 4, range: 5, firepower: 5, cargo: 2
---------------------------------------
AIPlayer4: m50, size: 1, speed: 10, range: 2, firepower: 2, cargo: 0
---------------------------------------
-------------COMMON DECK---------------
Common deck: [33, 30, 10, 25, 8]
---------------------------------------